# JRE version: Java(TM) SE Runtime Environment (17.0+35) (build 17+35-LTS-2724)
# Java VM: Java HotSpot(TM) 64-Bit Server VM (17+35-LTS-2724, mixed mode, sharing, tiered, compressed oops, compressed class ptrs, g1 gc, windows-amd64)
GC Precious Log:
 CPUs: 12 total, 12 available
 Memory: 16072M
 Large Page Support: Disabled
 NUMA Support: Disabled
 Compressed Oops: Enabled (Zero based)
 Heap Region Size: 2M
 Heap Min Capacity: 8M
 Heap Initial Capacity: 252M
 Heap Max Capacity: 4020M
 Pre-touch: Disabled
 Parallel Workers: 10
 Concurrent Workers: 3
 Concurrent Refinement Workers: 10
 Periodic GC: Disabled
Heap:
 garbage-first heap   total 102400K, used 43298K [0x0000000704c00000, 0x0000000800000000)
  region size 2048K, 6 young (12288K), 1 survivors (2048K)
 Metaspace       used 78339K, committed 78976K, reserved 1122304K
  class space    used 10310K, committed 10624K, reserved 1048576K
GC Heap History (20 events):
Event: 510.847 GC heap before
{Heap before GC invocations=36 (full 0):
 garbage-first heap   total 102400K, used 86228K [0x0000000704c00000, 0x0000000800000000)
  region size 2048K, 26 young (53248K), 1 survivors (2048K)
 Metaspace       used 78335K, committed 78976K, reserved 1122304K
  class space    used 10310K, committed 10624K, reserved 1048576K
}
Event: 510.848 GC heap after
{Heap after GC invocations=37 (full 0):
 garbage-first heap   total 102400K, used 35031K [0x0000000704c00000, 0x0000000800000000)
  region size 2048K, 1 young (2048K), 1 survivors (2048K)
 Metaspace       used 78335K, committed 78976K, reserved 1122304K
  class space    used 10310K, committed 10624K, reserved 1048576K
}
Event: 511.503 GC heap before
{Heap before GC invocations=37 (full 0):
 garbage-first heap   total 102400K, used 86231K [0x0000000704c00000, 0x0000000800000000)
  region size 2048K, 26 young (53248K), 1 survivors (2048K)
 Metaspace       used 78335K, committed 78976K, reserved 1122304K
  class space    used 10310K, committed 10624K, reserved 1048576K
}
Event: 511.504 GC heap after
{Heap after GC invocations=38 (full 0):
 garbage-first heap   total 102400K, used 35050K [0x0000000704c00000, 0x0000000800000000)
  region size 2048K, 1 young (2048K), 1 survivors (2048K)
 Metaspace       used 78335K, committed 78976K, reserved 1122304K
  class space    used 10310K, committed 10624K, reserved 1048576K
}
Event: 512.113 GC heap before
{Heap before GC invocations=38 (full 0):
 garbage-first heap   total 102400K, used 84202K [0x0000000704c00000, 0x0000000800000000)
  region size 2048K, 25 young (51200K), 1 survivors (2048K)
 Metaspace       used 78335K, committed 78976K, reserved 1122304K
  class space    used 10310K, committed 10624K, reserved 1048576K
}
Event: 512.114 GC heap after
{Heap after GC invocations=39 (full 0):
 garbage-first heap   total 102400K, used 35046K [0x0000000704c00000, 0x0000000800000000)
  region size 2048K, 1 young (2048K), 1 survivors (2048K)
 Metaspace       used 78335K, committed 78976K, reserved 1122304K
  class space    used 10310K, committed 10624K, reserved 1048576K
}
Event: 512.716 GC heap before
{Heap before GC invocations=39 (full 0):
 garbage-first heap   total 102400K, used 84198K [0x0000000704c00000, 0x0000000800000000)
  region size 2048K, 25 young (51200K), 1 survivors (2048K)
 Metaspace       used 78335K, committed 78976K, reserved 1122304K
  class space    used 10310K, committed 10624K, reserved 1048576K
}
Event: 512.717 GC heap after
{Heap after GC invocations=40 (full 0):
 garbage-first heap   total 102400K, used 35076K [0x0000000704c00000, 0x0000000800000000)
  region size 2048K, 1 young (2048K), 1 survivors (2048K)
 Metaspace       used 78335K, committed 78976K, reserved 1122304K
  class space    used 10310K, committed 10624K, reserved 1048576K
}
Event: 513.324 GC heap before
{Heap before GC invocations=40 (full 0):
 garbage-first heap   total 102400K, used 84228K [0x0000000704c00000, 0x0000000800000000)
  region size 2048K, 25 young (51200K), 1 survivors (2048K)
 Metaspace       used 78335K, committed 78976K, reserved 1122304K
  class space    used 10310K, committed 10624K, reserved 1048576K
}
Event: 513.324 GC heap after
{Heap after GC invocations=41 (full 0):
 garbage-first heap   total 102400K, used 35060K [0x0000000704c00000, 0x0000000800000000)
  region size 2048K, 1 young (2048K), 1 survivors (2048K)
 Metaspace       used 78335K, committed 78976K, reserved 1122304K
  class space    used 10310K, committed 10624K, reserved 1048576K
}
Event: 513.930 GC heap before
{Heap before GC invocations=41 (full 0):
 garbage-first heap   total 102400K, used 84212K [0x0000000704c00000, 0x0000000800000000)
  region size 2048K, 25 young (51200K), 1 survivors (2048K)
 Metaspace       used 78335K, committed 78976K, reserved 1122304K
  class space    used 10310K, committed 10624K, reserved 1048576K
}
Event: 513.931 GC heap after
{Heap after GC invocations=42 (full 0):
 garbage-first heap   total 102400K, used 35072K [0x0000000704c00000, 0x0000000800000000)
  region size 2048K, 1 young (2048K), 1 survivors (2048K)
 Metaspace       used 78335K, committed 78976K, reserved 1122304K
  class space    used 10310K, committed 10624K, reserved 1048576K
}
Event: 514.647 GC heap before
{Heap before GC invocations=42 (full 0):
 garbage-first heap   total 102400K, used 84224K [0x0000000704c00000, 0x0000000800000000)
  region size 2048K, 25 young (51200K), 1 survivors (2048K)
 Metaspace       used 78335K, committed 78976K, reserved 1122304K
  class space    used 10310K, committed 10624K, reserved 1048576K
}
Event: 514.648 GC heap after
{Heap after GC invocations=43 (full 0):
 garbage-first heap   total 102400K, used 35075K [0x0000000704c00000, 0x0000000800000000)
  region size 2048K, 1 young (2048K), 1 survivors (2048K)
 Metaspace       used 78335K, committed 78976K, reserved 1122304K
  class space    used 10310K, committed 10624K, reserved 1048576K
}
Event: 515.299 GC heap before
{Heap before GC invocations=43 (full 0):
 garbage-first heap   total 102400K, used 84227K [0x0000000704c00000, 0x0000000800000000)
  region size 2048K, 25 young (51200K), 1 survivors (2048K)
 Metaspace       used 78335K, committed 78976K, reserved 1122304K
  class space    used 10310K, committed 10624K, reserved 1048576K
}
Event: 515.300 GC heap after
{Heap after GC invocations=44 (full 0):
 garbage-first heap   total 102400K, used 35100K [0x0000000704c00000, 0x0000000800000000)
  region size 2048K, 1 young (2048K), 1 survivors (2048K)
 Metaspace       used 78335K, committed 78976K, reserved 1122304K
  class space    used 10310K, committed 10624K, reserved 1048576K
}
Event: 515.948 GC heap before
{Heap before GC invocations=44 (full 0):
 garbage-first heap   total 102400K, used 84252K [0x0000000704c00000, 0x0000000800000000)
  region size 2048K, 25 young (51200K), 1 survivors (2048K)
 Metaspace       used 78335K, committed 78976K, reserved 1122304K
  class space    used 10310K, committed 10624K, reserved 1048576K
}
Event: 515.948 GC heap after
{Heap after GC invocations=45 (full 0):
 garbage-first heap   total 102400K, used 35104K [0x0000000704c00000, 0x0000000800000000)
  region size 2048K, 1 young (2048K), 1 survivors (2048K)
 Metaspace       used 78335K, committed 78976K, reserved 1122304K
  class space    used 10310K, committed 10624K, reserved 1048576K
}
Event: 516.559 GC heap before
{Heap before GC invocations=45 (full 0):
 garbage-first heap   total 102400K, used 84256K [0x0000000704c00000, 0x0000000800000000)
  region size 2048K, 25 young (51200K), 1 survivors (2048K)
 Metaspace       used 78335K, committed 78976K, reserved 1122304K
  class space    used 10310K, committed 10624K, reserved 1048576K
}
Event: 516.559 GC heap after
{Heap after GC invocations=46 (full 0):
 garbage-first heap   total 102400K, used 35106K [0x0000000704c00000, 0x0000000800000000)
  region size 2048K, 1 young (2048K), 1 survivors (2048K)
 Metaspace       used 78335K, committed 78976K, reserved 1122304K
  class space    used 10310K, committed 10624K, reserved 1048576K
}

