# JRE version: Java(TM) SE Runtime Environment (17.0+35) (build 17+35-LTS-2724)
# Java VM: Java HotSpot(TM) 64-Bit Server VM (17+35-LTS-2724, mixed mode, sharing, tiered, compressed oops, compressed class ptrs, g1 gc, windows-amd64)
GC Precious Log:
 CPUs: 12 total, 12 available
 Memory: 16072M
 Large Page Support: Disabled
 NUMA Support: Disabled
 Compressed Oops: Enabled (Zero based)
 Heap Region Size: 2M
 Heap Min Capacity: 8M
 Heap Initial Capacity: 252M
 Heap Max Capacity: 4020M
 Pre-touch: Disabled
 Parallel Workers: 10
 Concurrent Workers: 3
 Concurrent Refinement Workers: 10
 Periodic GC: Disabled
Heap:
 garbage-first heap   total 96256K, used 47957K [0x0000000704c00000, 0x0000000800000000)
  region size 2048K, 7 young (14336K), 1 survivors (2048K)
 Metaspace       used 80942K, committed 81664K, reserved 1122304K
  class space    used 10651K, committed 11008K, reserved 1048576K
GC Heap History (20 events):
Event: 882.112 GC heap before
{Heap before GC invocations=29 (full 0):
 garbage-first heap   total 96256K, used 82781K [0x0000000704c00000, 0x0000000800000000)
  region size 2048K, 23 young (47104K), 1 survivors (2048K)
 Metaspace       used 80940K, committed 81664K, reserved 1122304K
  class space    used 10650K, committed 11008K, reserved 1048576K
}
Event: 882.114 GC heap after
{Heap after GC invocations=30 (full 0):
 garbage-first heap   total 96256K, used 37655K [0x0000000704c00000, 0x0000000800000000)
  region size 2048K, 1 young (2048K), 1 survivors (2048K)
 Metaspace       used 80940K, committed 81664K, reserved 1122304K
  class space    used 10650K, committed 11008K, reserved 1048576K
}
Event: 882.462 GC heap before
{Heap before GC invocations=30 (full 0):
 garbage-first heap   total 96256K, used 82711K [0x0000000704c00000, 0x0000000800000000)
  region size 2048K, 23 young (47104K), 1 survivors (2048K)
 Metaspace       used 80942K, committed 81664K, reserved 1122304K
  class space    used 10651K, committed 11008K, reserved 1048576K
}
Event: 882.463 GC heap after
{Heap after GC invocations=31 (full 0):
 garbage-first heap   total 96256K, used 37795K [0x0000000704c00000, 0x0000000800000000)
  region size 2048K, 1 young (2048K), 1 survivors (2048K)
 Metaspace       used 80942K, committed 81664K, reserved 1122304K
  class space    used 10651K, committed 11008K, reserved 1048576K
}
Event: 882.792 GC heap before
{Heap before GC invocations=31 (full 0):
 garbage-first heap   total 96256K, used 82851K [0x0000000704c00000, 0x0000000800000000)
  region size 2048K, 23 young (47104K), 1 survivors (2048K)
 Metaspace       used 80942K, committed 81664K, reserved 1122304K
  class space    used 10651K, committed 11008K, reserved 1048576K
}
Event: 882.794 GC heap after
{Heap after GC invocations=32 (full 0):
 garbage-first heap   total 96256K, used 37701K [0x0000000704c00000, 0x0000000800000000)
  region size 2048K, 1 young (2048K), 1 survivors (2048K)
 Metaspace       used 80942K, committed 81664K, reserved 1122304K
  class space    used 10651K, committed 11008K, reserved 1048576K
}
Event: 883.119 GC heap before
{Heap before GC invocations=32 (full 0):
 garbage-first heap   total 96256K, used 82757K [0x0000000704c00000, 0x0000000800000000)
  region size 2048K, 23 young (47104K), 1 survivors (2048K)
 Metaspace       used 80942K, committed 81664K, reserved 1122304K
  class space    used 10651K, committed 11008K, reserved 1048576K
}
Event: 883.121 GC heap after
{Heap after GC invocations=33 (full 0):
 garbage-first heap   total 96256K, used 37683K [0x0000000704c00000, 0x0000000800000000)
  region size 2048K, 1 young (2048K), 1 survivors (2048K)
 Metaspace       used 80942K, committed 81664K, reserved 1122304K
  class space    used 10651K, committed 11008K, reserved 1048576K
}
Event: 883.470 GC heap before
{Heap before GC invocations=33 (full 0):
 garbage-first heap   total 96256K, used 82739K [0x0000000704c00000, 0x0000000800000000)
  region size 2048K, 23 young (47104K), 1 survivors (2048K)
 Metaspace       used 80942K, committed 81664K, reserved 1122304K
  class space    used 10651K, committed 11008K, reserved 1048576K
}
Event: 883.472 GC heap after
{Heap after GC invocations=34 (full 0):
 garbage-first heap   total 96256K, used 37691K [0x0000000704c00000, 0x0000000800000000)
  region size 2048K, 1 young (2048K), 1 survivors (2048K)
 Metaspace       used 80942K, committed 81664K, reserved 1122304K
  class space    used 10651K, committed 11008K, reserved 1048576K
}
Event: 883.810 GC heap before
{Heap before GC invocations=34 (full 0):
 garbage-first heap   total 96256K, used 82747K [0x0000000704c00000, 0x0000000800000000)
  region size 2048K, 23 young (47104K), 1 survivors (2048K)
 Metaspace       used 80942K, committed 81664K, reserved 1122304K
  class space    used 10651K, committed 11008K, reserved 1048576K
}
Event: 883.812 GC heap after
{Heap after GC invocations=35 (full 0):
 garbage-first heap   total 96256K, used 37815K [0x0000000704c00000, 0x0000000800000000)
  region size 2048K, 1 young (2048K), 1 survivors (2048K)
 Metaspace       used 80942K, committed 81664K, reserved 1122304K
  class space    used 10651K, committed 11008K, reserved 1048576K
}
Event: 884.191 GC heap before
{Heap before GC invocations=35 (full 0):
 garbage-first heap   total 96256K, used 82871K [0x0000000704c00000, 0x0000000800000000)
  region size 2048K, 23 young (47104K), 1 survivors (2048K)
 Metaspace       used 80942K, committed 81664K, reserved 1122304K
  class space    used 10651K, committed 11008K, reserved 1048576K
}
Event: 884.193 GC heap after
{Heap after GC invocations=36 (full 0):
 garbage-first heap   total 96256K, used 37800K [0x0000000704c00000, 0x0000000800000000)
  region size 2048K, 1 young (2048K), 1 survivors (2048K)
 Metaspace       used 80942K, committed 81664K, reserved 1122304K
  class space    used 10651K, committed 11008K, reserved 1048576K
}
Event: 884.501 GC heap before
{Heap before GC invocations=36 (full 0):
 garbage-first heap   total 96256K, used 80808K [0x0000000704c00000, 0x0000000800000000)
  region size 2048K, 22 young (45056K), 1 survivors (2048K)
 Metaspace       used 80942K, committed 81664K, reserved 1122304K
  class space    used 10651K, committed 11008K, reserved 1048576K
}
Event: 884.502 GC heap after
{Heap after GC invocations=37 (full 0):
 garbage-first heap   total 96256K, used 37731K [0x0000000704c00000, 0x0000000800000000)
  region size 2048K, 1 young (2048K), 1 survivors (2048K)
 Metaspace       used 80942K, committed 81664K, reserved 1122304K
  class space    used 10651K, committed 11008K, reserved 1048576K
}
Event: 884.813 GC heap before
{Heap before GC invocations=37 (full 0):
 garbage-first heap   total 96256K, used 80739K [0x0000000704c00000, 0x0000000800000000)
  region size 2048K, 22 young (45056K), 1 survivors (2048K)
 Metaspace       used 80942K, committed 81664K, reserved 1122304K
  class space    used 10651K, committed 11008K, reserved 1048576K
}
Event: 884.814 GC heap after
{Heap after GC invocations=38 (full 0):
 garbage-first heap   total 96256K, used 37712K [0x0000000704c00000, 0x0000000800000000)
  region size 2048K, 1 young (2048K), 1 survivors (2048K)
 Metaspace       used 80942K, committed 81664K, reserved 1122304K
  class space    used 10651K, committed 11008K, reserved 1048576K
}
Event: 885.121 GC heap before
{Heap before GC invocations=38 (full 0):
 garbage-first heap   total 96256K, used 80720K [0x0000000704c00000, 0x0000000800000000)
  region size 2048K, 22 young (45056K), 1 survivors (2048K)
 Metaspace       used 80942K, committed 81664K, reserved 1122304K
  class space    used 10651K, committed 11008K, reserved 1048576K
}
Event: 885.122 GC heap after
{Heap after GC invocations=39 (full 0):
 garbage-first heap   total 96256K, used 37717K [0x0000000704c00000, 0x0000000800000000)
  region size 2048K, 1 young (2048K), 1 survivors (2048K)
 Metaspace       used 80942K, committed 81664K, reserved 1122304K
  class space    used 10651K, committed 11008K, reserved 1048576K
}

